<?xml version="1.0" encoding="utf-8"?><testsuites name="pytest tests"><testsuite name="pytest" errors="0" failures="0" skipped="0" tests="14" time="1.950" timestamp="2026-06-24T15:04:46.252460+00:00" hostname="agent-env-fc2234b1-1e4e-4b22-b0a6-d5a29b631ac9"><testcase classname="backend.tests.backend_test" name="test_root" time="0.336" /><testcase classname="backend.tests.backend_test" name="test_grade_systems" time="0.043" /><testcase classname="backend.tests.backend_test" name="test_import_creates_or_updates_medu2" time="0.087" /><testcase classname="backend.tests.backend_test" name="test_import_idempotent" time="0.078" /><testcase classname="backend.tests.backend_test" name="test_import_wrong_password" time="0.046" /><testcase classname="backend.tests.backend_test" name="test_list_classes_contains_medu2" time="0.043" /><testcase classname="backend.tests.backend_test" name="test_get_class_students_have_one_photo" time="0.049" /><testcase classname="backend.tests.backend_test" name="test_set_grade_system_valid" time="0.140" /><testcase classname="backend.tests.backend_test" name="test_set_grade_system_invalid" time="0.042" /><testcase classname="backend.tests.backend_test" name="test_create_session_format" time="0.044" /><testcase classname="backend.tests.backend_test" name="test_get_session" time="0.130" /><testcase classname="backend.tests.backend_test" name="test_grade_upsert_and_persistence" time="0.236" /><testcase classname="backend.tests.backend_test" name="test_grade_delete" time="0.189" /><testcase classname="backend.tests.backend_test" name="test_csv_export_only_graded" time="0.283" /></testsuite></testsuites>