<?xml version="1.0" encoding="utf-8"?><testsuites name="pytest tests"><testsuite name="pytest" errors="0" failures="0" skipped="0" tests="16" time="2.780" timestamp="2026-06-25T09:14:09.301087+00:00" hostname="agent-env-fc2234b1-1e4e-4b22-b0a6-d5a29b631ac9"><testcase classname="backend.tests.backend_test" name="test_root" time="0.237" /><testcase classname="backend.tests.backend_test" name="test_grade_systems" time="0.042" /><testcase classname="backend.tests.backend_test" name="test_import_creates_or_updates_medu2" time="0.084" /><testcase classname="backend.tests.backend_test" name="test_import_idempotent" time="0.106" /><testcase classname="backend.tests.backend_test" name="test_import_wrong_password" time="0.073" /><testcase classname="backend.tests.backend_test" name="test_list_classes_contains_medu2" time="0.043" /><testcase classname="backend.tests.backend_test" name="test_get_class_students_have_one_photo" time="0.047" /><testcase classname="backend.tests.backend_test" name="test_set_grade_system_valid" time="0.129" /><testcase classname="backend.tests.backend_test" name="test_set_grade_system_invalid" time="0.081" /><testcase classname="backend.tests.backend_test" name="test_create_session_format" time="0.086" /><testcase classname="backend.tests.backend_test" name="test_get_session" time="0.088" /><testcase classname="backend.tests.backend_test" name="test_grade_upsert_and_persistence" time="0.221" /><testcase classname="backend.tests.backend_test" name="test_grade_delete" time="0.171" /><testcase classname="backend.tests.backend_test" name="test_csv_export_only_graded" time="0.263" /><testcase classname="backend.tests.backend_test" name="test_zz_session_count_aggregate_and_delete" time="0.807" /><testcase classname="backend.tests.backend_test" name="test_zz_delete_sessions_when_none" time="0.163" /></testsuite></testsuites>